<?xml version="1.0" encoding="UTF-8"?>
<testng-results skipped="0" failed="0" ignored="0" total="2" passed="2">
  <reporter-output>
  </reporter-output>
  <suite name="Suite" duration-ms="145946" started-at="2018-05-02T10:31:20Z" finished-at="2018-05-02T10:33:46Z">
    <groups>
    </groups>
    <test name="Test" duration-ms="145946" started-at="2018-05-02T10:31:20Z" finished-at="2018-05-02T10:33:46Z">
      <class name="appiumDemoPro.BobbleTest">
        <test-method status="PASS" signature="reportGrenerator()[pri:0, instance:appiumDemoPro.BobbleTest@4e718207]" name="reportGrenerator" is-config="true" duration-ms="35" started-at="2018-05-02T10:32:27Z" finished-at="2018-05-02T10:32:27Z">
          <reporter-output>
          </reporter-output>
        </test-method> <!-- reportGrenerator -->
        <test-method status="PASS" signature="launchApp()[pri:0, instance:appiumDemoPro.BobbleTest@4e718207]" name="launchApp" is-config="true" duration-ms="41288" started-at="2018-05-02T10:32:27Z" finished-at="2018-05-02T10:33:09Z">
          <reporter-output>
          </reporter-output>
        </test-method> <!-- launchApp -->
        <test-method status="PASS" signature="themeTabTestCase()[pri:0, instance:appiumDemoPro.BobbleTest@4e718207]" name="themeTabTestCase" duration-ms="37282" started-at="2018-05-02T10:33:09Z" finished-at="2018-05-02T10:33:46Z">
          <reporter-output>
          </reporter-output>
        </test-method> <!-- themeTabTestCase -->
        <test-method status="PASS" signature="cleanConfig(org.testng.ITestResult)[pri:0, instance:appiumDemoPro.BobbleTest@4e718207]" name="cleanConfig" is-config="true" duration-ms="0" started-at="2018-05-02T10:33:46Z" finished-at="2018-05-02T10:33:46Z">
          <params>
            <param index="0">
              <value>
                <![CDATA[[TestResult name=themeTabTestCase status=SUCCESS method=BobbleTest.themeTabTestCase()[pri:0, instance:appiumDemoPro.BobbleTest@4e718207] output={null}]]]>
              </value>
            </param>
          </params>
          <reporter-output>
          </reporter-output>
        </test-method> <!-- cleanConfig -->
        <test-method status="PASS" signature="closeReport()[pri:0, instance:appiumDemoPro.BobbleTest@4e718207]" name="closeReport" is-config="true" duration-ms="59" started-at="2018-05-02T10:33:46Z" finished-at="2018-05-02T10:33:46Z">
          <reporter-output>
          </reporter-output>
        </test-method> <!-- closeReport -->
      </class> <!-- appiumDemoPro.BobbleTest -->
      <class name="appiumDemoPro.BobbleCase1Test">
        <test-method status="PASS" signature="reportGrenerator()[pri:0, instance:appiumDemoPro.BobbleCase1Test@32eebfca]" name="reportGrenerator" is-config="true" duration-ms="281" started-at="2018-05-02T10:31:20Z" finished-at="2018-05-02T10:31:20Z">
          <reporter-output>
          </reporter-output>
        </test-method> <!-- reportGrenerator -->
        <test-method status="PASS" signature="launchApp()[pri:0, instance:appiumDemoPro.BobbleCase1Test@32eebfca]" name="launchApp" is-config="true" duration-ms="42052" started-at="2018-05-02T10:31:20Z" finished-at="2018-05-02T10:32:02Z">
          <reporter-output>
          </reporter-output>
        </test-method> <!-- launchApp -->
        <test-method status="PASS" signature="languageTabTest()[pri:0, instance:appiumDemoPro.BobbleCase1Test@32eebfca]" name="languageTabTest" duration-ms="24643" started-at="2018-05-02T10:32:02Z" finished-at="2018-05-02T10:32:27Z">
          <reporter-output>
          </reporter-output>
        </test-method> <!-- languageTabTest -->
        <test-method status="PASS" signature="cleanConfig(org.testng.ITestResult)[pri:0, instance:appiumDemoPro.BobbleCase1Test@32eebfca]" name="cleanConfig" is-config="true" duration-ms="0" started-at="2018-05-02T10:32:27Z" finished-at="2018-05-02T10:32:27Z">
          <params>
            <param index="0">
              <value>
                <![CDATA[[TestResult name=languageTabTest status=SUCCESS method=BobbleCase1Test.languageTabTest()[pri:0, instance:appiumDemoPro.BobbleCase1Test@32eebfca] output={null}]]]>
              </value>
            </param>
          </params>
          <reporter-output>
          </reporter-output>
        </test-method> <!-- cleanConfig -->
        <test-method status="PASS" signature="closeReport()[pri:0, instance:appiumDemoPro.BobbleCase1Test@32eebfca]" name="closeReport" is-config="true" duration-ms="252" started-at="2018-05-02T10:32:27Z" finished-at="2018-05-02T10:32:27Z">
          <reporter-output>
          </reporter-output>
        </test-method> <!-- closeReport -->
      </class> <!-- appiumDemoPro.BobbleCase1Test -->
    </test> <!-- Test -->
  </suite> <!-- Suite -->
</testng-results>
